{
  "RSpec": {
    "coverage": {
      "/mnt/c/projeto-treinadev-rails-tdd/freight-system/app/models/user.rb": [
        1,
        null,
        null,
        1,
        1,
        1,
        1,
        null,
        1,
        170,
        7,
        null,
        null,
        null
      ],
      "/mnt/c/projeto-treinadev-rails-tdd/freight-system/app/models/application_record.rb": [
        1,
        1,
        null
      ],
      "/mnt/c/projeto-treinadev-rails-tdd/freight-system/app/helpers/application_helper.rb": [
        1,
        null
      ],
      "/mnt/c/projeto-treinadev-rails-tdd/freight-system/app/models/deadline.rb": [
        1,
        1,
        1,
        1,
        1,
        1,
        null,
        1,
        6,
        null,
        null,
        null,
        null
      ],
      "/mnt/c/projeto-treinadev-rails-tdd/freight-system/app/validators/validate_minimum_distance.rb": [
        1,
        1,
        130,
        114,
        6,
        108,
        6,
        null,
        null,
        null,
        null,
        null,
        1,
        1,
        null,
        null,
        1,
        1,
        null,
        null
      ],
      "/mnt/c/projeto-treinadev-rails-tdd/freight-system/app/models/price_per_distance.rb": [
        1,
        1,
        1,
        1,
        1,
        1,
        null,
        1,
        6,
        null,
        null,
        null,
        null
      ],
      "/mnt/c/projeto-treinadev-rails-tdd/freight-system/app/validators/validate_maximum_distance.rb": [
        1,
        1,
        130,
        114,
        6,
        108,
        6,
        null,
        null,
        null,
        null,
        null,
        1,
        1,
        null,
        null,
        1,
        1,
        null
      ],
      "/mnt/c/projeto-treinadev-rails-tdd/freight-system/app/models/initiate_service_order.rb": [
        1,
        1,
        1,
        null
      ],
      "/mnt/c/projeto-treinadev-rails-tdd/freight-system/app/models/mode_of_transport.rb": [
        1,
        1,
        1,
        1,
        1,
        1,
        1,
        1,
        1,
        1,
        null,
        1,
        5,
        null,
        null,
        null,
        null,
        null,
        null,
        null
      ],
      "/mnt/c/projeto-treinadev-rails-tdd/freight-system/app/models/overdue_reason.rb": [
        1,
        1,
        1,
        null
      ],
      "/mnt/c/projeto-treinadev-rails-tdd/freight-system/app/models/price_by_weight.rb": [
        1,
        1,
        1,
        1,
        1,
        1,
        null,
        1,
        6,
        null,
        null,
        null,
        null,
        1,
        64,
        56,
        3,
        53,
        3,
        null,
        null,
        null,
        null,
        1,
        64,
        56,
        2,
        54,
        4,
        null,
        null,
        null,
        null
      ],
      "/mnt/c/projeto-treinadev-rails-tdd/freight-system/app/models/service_order.rb": [
        1,
        1,
        1,
        1,
        1,
        1,
        1,
        1,
        1,
        1,
        1,
        1,
        null,
        1,
        5,
        null,
        null,
        null,
        null,
        null,
        null,
        null,
        null,
        null,
        null,
        null,
        1,
        23,
        null,
        null,
        null,
        1,
        11,
        null,
        null,
        1,
        null,
        1,
        79,
        null,
        null
      ],
      "/mnt/c/projeto-treinadev-rails-tdd/freight-system/app/models/vehicle.rb": [
        1,
        1,
        1,
        1,
        1,
        1,
        1,
        null,
        1,
        7,
        null,
        null,
        null,
        null,
        null,
        null
      ],
      "/mnt/c/projeto-treinadev-rails-tdd/freight-system/app/models/mode_of_transport_finder.rb": [
        1,
        1,
        92,
        92,
        null,
        null,
        1,
        24,
        null,
        null,
        null,
        null,
        null,
        1,
        34,
        34,
        null,
        null,
        null,
        34,
        34,
        null,
        null,
        null,
        34,
        null,
        null,
        1,
        34,
        34,
        null,
        null,
        34,
        null,
        null
      ],
      "/mnt/c/projeto-treinadev-rails-tdd/freight-system/app/controllers/deadlines_controller.rb": [
        1,
        1,
        1,
        1,
        1,
        null,
        1,
        5,
        null,
        null,
        1,
        4,
        4,
        4,
        1,
        null,
        3,
        3,
        null,
        null,
        null,
        1,
        null,
        1,
        5,
        1,
        1,
        4,
        1,
        null,
        3,
        3,
        null,
        null,
        null,
        1,
        null,
        1,
        13,
        null,
        null,
        1,
        11,
        null,
        null
      ],
      "/mnt/c/projeto-treinadev-rails-tdd/freight-system/app/controllers/application_controller.rb": [
        1,
        1,
        null,
        1,
        null,
        1,
        43,
        null,
        null,
        1,
        147,
        29,
        null,
        null,
        null,
        1,
        60,
        null,
        null
      ],
      "/mnt/c/projeto-treinadev-rails-tdd/freight-system/app/controllers/mode_of_transports_controller.rb": [
        1,
        1,
        1,
        1,
        null,
        1,
        18,
        null,
        null,
        1,
        4,
        null,
        null,
        1,
        3,
        3,
        1,
        null,
        2,
        2,
        null,
        null,
        null,
        1,
        null,
        1,
        null,
        1,
        4,
        1,
        1,
        3,
        1,
        null,
        2,
        2,
        null,
        null,
        null,
        1,
        1,
        1,
        null,
        null,
        1,
        1,
        1,
        null,
        null,
        1,
        null,
        1,
        46,
        null,
        null,
        1,
        10,
        null,
        null,
        null,
        null
      ],
      "/mnt/c/projeto-treinadev-rails-tdd/freight-system/app/models/associate_vehicle.rb": [
        1,
        1,
        1,
        null
      ],
      "/mnt/c/projeto-treinadev-rails-tdd/freight-system/app/controllers/overdue_reasons_controller.rb": [
        1,
        1,
        1,
        null,
        1,
        2,
        null,
        null,
        1,
        2,
        2,
        2,
        1,
        null,
        1,
        null,
        null,
        null,
        1,
        null,
        1,
        4,
        null,
        null
      ],
      "/mnt/c/projeto-treinadev-rails-tdd/freight-system/app/controllers/price_by_weights_controller.rb": [
        1,
        1,
        1,
        1,
        1,
        null,
        1,
        5,
        null,
        null,
        1,
        4,
        4,
        4,
        1,
        null,
        3,
        3,
        null,
        null,
        null,
        1,
        null,
        1,
        5,
        1,
        1,
        4,
        1,
        null,
        3,
        3,
        null,
        null,
        null,
        1,
        null,
        1,
        11,
        11,
        null,
        null,
        1,
        13,
        null,
        null
      ],
      "/mnt/c/projeto-treinadev-rails-tdd/freight-system/app/controllers/price_per_distances_controller.rb": [
        1,
        1,
        1,
        1,
        1,
        null,
        1,
        5,
        null,
        null,
        1,
        4,
        4,
        4,
        1,
        null,
        3,
        3,
        null,
        null,
        null,
        1,
        null,
        1,
        5,
        1,
        1,
        4,
        1,
        null,
        3,
        3,
        null,
        null,
        null,
        1,
        null,
        1,
        13,
        null,
        null,
        1,
        11,
        null,
        null
      ],
      "/mnt/c/projeto-treinadev-rails-tdd/freight-system/app/controllers/service_orders_controller.rb": [
        1,
        1,
        1,
        1,
        1,
        1,
        1,
        null,
        1,
        4,
        null,
        null,
        1,
        3,
        3,
        1,
        null,
        2,
        2,
        null,
        null,
        null,
        1,
        null,
        1,
        4,
        1,
        1,
        3,
        1,
        null,
        2,
        2,
        null,
        null,
        null,
        1,
        21,
        21,
        null,
        null,
        null,
        1,
        6,
        3,
        2,
        2,
        2,
        2,
        5,
        2,
        2,
        null,
        1,
        1,
        null,
        1,
        null,
        null,
        null,
        1,
        2,
        2,
        1,
        1,
        1,
        null,
        1,
        null,
        null,
        null,
        1,
        2,
        1,
        null,
        1,
        1,
        1,
        1,
        null,
        null,
        null,
        1,
        4,
        null,
        null,
        1,
        11,
        11,
        3,
        2,
        null,
        1,
        null,
        null,
        8,
        6,
        null,
        2,
        null,
        null,
        null,
        null,
        1,
        null,
        1,
        10,
        null,
        null,
        null,
        null,
        1,
        42,
        null,
        null,
        1,
        21,
        21,
        21,
        null,
        null,
        1,
        11,
        2,
        null,
        null,
        null,
        1,
        3,
        1,
        null,
        null,
        null
      ],
      "/mnt/c/projeto-treinadev-rails-tdd/freight-system/app/controllers/vehicles_controller.rb": [
        1,
        1,
        1,
        1,
        null,
        1,
        12,
        null,
        null,
        1,
        5,
        null,
        null,
        1,
        4,
        4,
        1,
        null,
        3,
        3,
        null,
        null,
        null,
        1,
        null,
        1,
        null,
        1,
        5,
        1,
        1,
        4,
        1,
        null,
        3,
        3,
        null,
        null,
        null,
        1,
        4,
        4,
        3,
        null,
        1,
        null,
        null,
        null,
        1,
        1,
        1,
        null,
        null,
        1,
        1,
        1,
        null,
        null,
        1,
        null,
        1,
        13,
        null,
        null,
        1,
        29,
        null,
        null
      ],
      "/mnt/c/projeto-treinadev-rails-tdd/freight-system/app/controllers/home_controller.rb": [
        1,
        1,
        68,
        null,
        null
      ]
    },
    "timestamp": 1670621339
  }
}
